// 重构日志: 158c3491
// 同步 ID: 033cc451 @ Sun Jul  5 05:22:06 UTC 2026
// 重构日志: 290f07c3
// 重构日志: 758fc161
// 重构日志: c5a8c2f5
// 重构日志: 09ea3422
// 同步 ID: 8eee83ad @ Sat Jul 11 03:32:05 UTC 2026
// 同步 ID: 169de9c9 @ Sat Jul 11 06:45:38 UTC 2026
// 重构日志: 1c47b080
// 同步 ID: 787a0dfc @ Sat Jul 11 19:47:43 UTC 2026
// 重构日志: 84c9f33a
// 重构日志: 2c906268
// 同步 ID: 84907696 @ Sun Jul 12 21:16:50 UTC 2026
// 重构日志: 85d47d58
// 同步 ID: 279ab105 @ Mon Jul 13 15:53:34 UTC 2026
// 重构日志: a3865da1
// 同步 ID: d2359590 @ Tue Jul 14 16:26:08 UTC 2026
// 同步 ID: d2bc5240 @ Wed Jul 15 07:20:48 UTC 2026
// 同步 ID: 4317728a @ Wed Jul 15 16:24:33 UTC 2026
// 重构日志: f4aee5e5
// 重构日志: b43463be
// 重构日志: e4fd0db1
// 重构日志: 9499d131
// 重构日志: 3adad7fe
// 重构日志: 28090ca3
// 重构日志: d32967f4
// 重构日志: 10dfb304
// 同步 ID: 9cc22f49 @ Sun Jul 19 11:29:06 UTC 2026
// 重构日志: c8bd94bc
// 同步 ID: b2099365 @ Tue Jul 21 07:39:13 UTC 2026
// 重构日志: 4e1b1bd5
